C51 COMPILER V9.02   38K                                                                   05/16/2015 20:49:30 PAGE 1   


C51 COMPILER V9.02, COMPILATION OF MODULE 38K
OBJECT MODULE PLACED IN 38k.OBJ
COMPILER INVOKED BY: E:\software\keil\C51\BIN\C51.EXE 38k.c BROWSE DEBUG OBJECTEXTEND

line level    source

   1          #include<reg52.h>
   2          sbit OUT=P0^0; //P1.0口输出方波
   3          sfr AUXR  = 0x8E; //Auxiliary Register  T0x12 T1x12 UART_M0x6 BRTR S2SMOD BRTx12 EXTRAM S1BRS  0000,0000
   4          void fb_38k()
   5          {
   6   1              EA = 1;
   7   1      AUXR |= 0x80;           //定时器时钟1T模式
   8   1              TMOD &= 0xF0;           //设置定时器模式
   9   1              TMOD |= 0x02;           //设置定时器模式
  10   1              TL0 = 0x6E;             //设置定时初值
  11   1              TH0 = 0x6E;             //设置定时重载值
  12   1              TF0 = 0;                //清除TF0标志
  13   1              TR0 = 1;                //定时器0开始计时
  14   1              ET0 = 1;                
  15   1      }
  16          void T0_time() interrupt 1
  17          {
  18   1              OUT=~OUT; 
  19   1      } 


MODULE INFORMATION:   STATIC OVERLAYABLE
   CODE SIZE        =     27    ----
   CONSTANT SIZE    =   ----    ----
   XDATA SIZE       =   ----    ----
   PDATA SIZE       =   ----    ----
   DATA SIZE        =   ----    ----
   IDATA SIZE       =   ----    ----
   BIT SIZE         =   ----    ----
END OF MODULE INFORMATION.


C51 COMPILATION COMPLETE.  0 WARNING(S),  0 ERROR(S)
