C51 COMPILER V9.02   UART                                                                  05/16/2015 20:49:30 PAGE 1   


C51 COMPILER V9.02, COMPILATION OF MODULE UART
OBJECT MODULE PLACED IN UART.OBJ
COMPILER INVOKED BY: E:\software\keil\C51\BIN\C51.EXE UART.c BROWSE DEBUG OBJECTEXTEND

line level    source

   1          #include<reg51.h>
   2          #include<config.h>
   3          #define BUFFMAX 64
   4          typedef unsigned char uint8;
   5          typedef unsigned int uint16;
   6          uint8 pdata UART_Buff[BUFFMAX];
   7          uint8 UART_BuffIndex=0;
   8          bit UART_SendFlag,UART_ResiveStringEndFlag,UART_ResiveStringFlag;
   9          
  10          void UART_Conf(uint16 baud) //UART设置函数（buad：欲设置的波特率）
  11          {
  12   1              TL1=TH1=256-11059200/12/32/baud;
  13   1              EA=1;
  14   1              ES=1;
  15   1              TMOD&=0X0F;
  16   1              TMOD|=0X20;
  17   1              SCON=0X50;
  18   1              TR1=1;
  19   1      }
  20          void UART_SendString(uint8 *dat,uint8 len)  //串口通信：发送一个字符串（dat：要发送的字符串，len：字符串长
             -度）
  21          {
  22   1              unsigned char i = 0xFF;
  23   1              while(len)
  24   1              {
  25   2                      len--;
  26   2                      SBUF=*dat;
  27   2                      dat++;
  28   2                      while(!UART_SendFlag);
  29   2                      UART_SendFlag=0;
  30   2                      while(i--);
  31   2              }
  32   1      }
  33          void interrupt_UART() interrupt 4   //串口中断函数
  34          {
  35   1              if(TI)
  36   1              {
  37   2                      TI=0;
  38   2                      UART_SendFlag=1;
  39   2              }
  40   1              if(RI)
  41   1              {
  42   2                      RI=0;
  43   2                      UART_Buff[UART_BuffIndex]=SBUF;
  44   2                      UART_ResiveStringFlag=1;
  45   2                      UART_BuffIndex++;
  46   2              }
  47   1      }


MODULE INFORMATION:   STATIC OVERLAYABLE
   CODE SIZE        =    111    ----
   CONSTANT SIZE    =   ----    ----
   XDATA SIZE       =   ----    ----
   PDATA SIZE       =     64    ----
C51 COMPILER V9.02   UART                                                                  05/16/2015 20:49:30 PAGE 2   

   DATA SIZE        =      1    ----
   IDATA SIZE       =   ----    ----
   BIT SIZE         =      3    ----
END OF MODULE INFORMATION.


C51 COMPILATION COMPLETE.  0 WARNING(S),  0 ERROR(S)
